<?xml version="1.0" encoding="UTF-8"?>
<!-- Generated by org.testng.reporters.JUnitReportReporter -->
<testsuite skipped="0" hostname="DT-SONI" name="eq.selenium.framework.AppiumTest" tests="3" failures="0" timestamp="2019-12-12T11:22:02 IST" time="0.012" errors="0">
  <testcase name="login" time="0.012" classname="eq.selenium.framework.AppiumTest"/>
  <testcase name="logout" time="0.000" classname="eq.selenium.framework.AppiumTest"/>
  <testcase name="validateCredentials" time="0.000" classname="eq.selenium.framework.AppiumTest"/>
</testsuite> <!-- eq.selenium.framework.AppiumTest -->
