<?xml version="1.0" encoding="UTF-8"?>
<!-- Generated by org.testng.reporters.JUnitReportReporter -->
<testsuite skipped="0" hostname="DT-SONI" name="eq.selenium.framework.AppTest" tests="1" failures="0" timestamp="2019-12-12T11:22:02 IST" time="0.001" errors="0">
  <testcase name="testApp" time="0.001" classname="eq.selenium.framework.AppTest"/>
</testsuite> <!-- eq.selenium.framework.AppTest -->
