<?xml version="1.0" encoding="UTF-8"?>
<!-- Generated by org.testng.reporters.JUnitReportReporter -->
<testsuite skipped="0" hostname="DT-SONI" name="eq.selenium.framework.RestAPITest" tests="3" failures="0" timestamp="2019-12-15T15:32:08 IST" time="0.001" errors="0">
  <testcase name="login" time="0.000" classname="eq.selenium.framework.RestAPITest"/>
  <testcase name="validateCredentials" time="0.001" classname="eq.selenium.framework.RestAPITest"/>
  <testcase name="logout" time="0.000" classname="eq.selenium.framework.RestAPITest"/>
</testsuite> <!-- eq.selenium.framework.RestAPITest -->
